[debug] [2021-02-20T19:55:18.381Z] ----------------------------------------------------------------------
[debug] [2021-02-20T19:55:18.383Z] Command:       /usr/local/bin/node /usr/local/bin/firebase serve
[debug] [2021-02-20T19:55:18.384Z] CLI Version:   9.4.0
[debug] [2021-02-20T19:55:18.384Z] Platform:      darwin
[debug] [2021-02-20T19:55:18.384Z] Node Version:  v14.15.4
[debug] [2021-02-20T19:55:18.391Z] Time:          Sat Feb 20 2021 12:55:18 GMT-0700 (Mountain Standard Time)
[debug] [2021-02-20T19:55:18.391Z] ----------------------------------------------------------------------
[debug] [2021-02-20T19:55:18.391Z] 
[debug] [2021-02-20T19:55:18.399Z] > command requires scopes: ["email","openid","https://www.googleapis.com/auth/cloudplatformprojects.readonly","https://www.googleapis.com/auth/firebase","https://www.googleapis.com/auth/cloud-platform"]
[debug] [2021-02-20T19:55:18.400Z] > authorizing via signed-in user
[debug] [2021-02-20T19:55:18.400Z] [iam] checking project static-sites-d1d90 for permissions ["firebase.projects.get"]
[debug] [2021-02-20T19:55:18.403Z] > refreshing access token with scopes: ["email","https://www.googleapis.com/auth/cloud-platform","https://www.googleapis.com/auth/cloudplatformprojects.readonly","https://www.googleapis.com/auth/firebase","openid"]
[debug] [2021-02-20T19:55:18.403Z] >>> HTTP REQUEST POST https://www.googleapis.com/oauth2/v3/token  
 <request body omitted>
[debug] [2021-02-20T19:55:18.698Z] <<< HTTP RESPONSE 200 {"cache-control":"no-cache, no-store, max-age=0, must-revalidate","expires":"Mon, 01 Jan 1990 00:00:00 GMT","pragma":"no-cache","date":"Sat, 20 Feb 2021 19:55:18 GMT","content-type":"application/json; charset=utf-8","vary":"X-Origin, Referer, Origin,Accept-Encoding","server":"scaffolding on HTTPServer2","x-xss-protection":"0","x-frame-options":"SAMEORIGIN","x-content-type-options":"nosniff","alt-svc":"h3-29=\":443\"; ma=2592000,h3-T051=\":443\"; ma=2592000,h3-Q050=\":443\"; ma=2592000,h3-Q046=\":443\"; ma=2592000,h3-Q043=\":443\"; ma=2592000,quic=\":443\"; ma=2592000; v=\"46,43\"","accept-ranges":"none","transfer-encoding":"chunked"}
[debug] [2021-02-20T19:55:18.729Z] >>> HTTP REQUEST POST https://cloudresourcemanager.googleapis.com/v1/projects/static-sites-d1d90:testIamPermissions  
 {"permissions":["firebase.projects.get"]}
[debug] [2021-02-20T19:55:19.014Z] <<< HTTP RESPONSE 200 {"content-type":"application/json; charset=UTF-8","vary":"X-Origin, Referer, Origin,Accept-Encoding","date":"Sat, 20 Feb 2021 19:55:19 GMT","server":"ESF","cache-control":"private","x-xss-protection":"0","x-frame-options":"SAMEORIGIN","x-content-type-options":"nosniff","server-timing":"gfet4t7; dur=97","alt-svc":"h3-29=\":443\"; ma=2592000,h3-T051=\":443\"; ma=2592000,h3-Q050=\":443\"; ma=2592000,h3-Q046=\":443\"; ma=2592000,h3-Q043=\":443\"; ma=2592000,quic=\":443\"; ma=2592000; v=\"46,43\"","accept-ranges":"none","transfer-encoding":"chunked"}
[debug] [2021-02-20T19:55:19.017Z] > refreshing access token with scopes: []
[debug] [2021-02-20T19:55:19.017Z] >>> HTTP REQUEST POST https://www.googleapis.com/oauth2/v3/token  
 <request body omitted>
[debug] [2021-02-20T19:55:19.234Z] <<< HTTP RESPONSE 200 {"cache-control":"no-cache, no-store, max-age=0, must-revalidate","date":"Sat, 20 Feb 2021 19:55:19 GMT","pragma":"no-cache","expires":"Mon, 01 Jan 1990 00:00:00 GMT","content-type":"application/json; charset=utf-8","vary":"X-Origin, Referer, Origin,Accept-Encoding","server":"scaffolding on HTTPServer2","x-xss-protection":"0","x-frame-options":"SAMEORIGIN","x-content-type-options":"nosniff","alt-svc":"h3-29=\":443\"; ma=2592000,h3-T051=\":443\"; ma=2592000,h3-Q050=\":443\"; ma=2592000,h3-Q046=\":443\"; ma=2592000,h3-Q043=\":443\"; ma=2592000,quic=\":443\"; ma=2592000; v=\"46,43\"","accept-ranges":"none","transfer-encoding":"chunked"}
[debug] [2021-02-20T19:55:19.266Z] >>> [apiv2][query] GET https://firebase.googleapis.com/v1beta1/projects/static-sites-d1d90 [none]
[debug] [2021-02-20T19:55:19.555Z] <<< [apiv2][status] GET https://firebase.googleapis.com/v1beta1/projects/static-sites-d1d90 200
[debug] [2021-02-20T19:55:19.555Z] <<< [apiv2][body] GET https://firebase.googleapis.com/v1beta1/projects/static-sites-d1d90 {"projectId":"static-sites-d1d90","projectNumber":"553369492928","displayName":"static-sites","name":"projects/static-sites-d1d90","resources":{"hostingSite":"static-sites-d1d90","storageBucket":"static-sites-d1d90.appspot.com","locationId":"us-west3"},"state":"ACTIVE"}
[info] 
[info] === Serving from '/Users/squidslippers/Code/quality-carpentry'...
[info] 
[debug] [2021-02-20T19:55:19.558Z] >>> [apiv2][query] GET https://firebase.googleapis.com/v1beta1/projects/static-sites-d1d90/webApps/-/config [none]
[warn] ⚠  Your requested "node" version "12" doesn't match your global version "14" {"metadata":{"emulator":{"name":"functions"},"message":"Your requested \"node\" version \"12\" doesn't match your global version \"14\""}}
[debug] [2021-02-20T19:55:19.572Z] defaultcredentials: writing to file /Users/squidslippers/.config/firebase/jacob_w.moreno_gmail.com_application_default_credentials.json
[debug] [2021-02-20T19:55:19.574Z] Setting GAC to /Users/squidslippers/.config/firebase/jacob_w.moreno_gmail.com_application_default_credentials.json {"metadata":{"emulator":{"name":"functions"},"message":"Setting GAC to /Users/squidslippers/.config/firebase/jacob_w.moreno_gmail.com_application_default_credentials.json"}}
[debug] [2021-02-20T19:55:19.575Z] >>> [apiv2][query] GET https://firebase.googleapis.com/v1beta1/projects/static-sites-d1d90/adminSdkConfig [none]
[debug] [2021-02-20T19:55:19.813Z] <<< [apiv2][status] GET https://firebase.googleapis.com/v1beta1/projects/static-sites-d1d90/adminSdkConfig 200
[debug] [2021-02-20T19:55:19.813Z] <<< [apiv2][body] GET https://firebase.googleapis.com/v1beta1/projects/static-sites-d1d90/adminSdkConfig {"projectId":"static-sites-d1d90","storageBucket":"static-sites-d1d90.appspot.com","locationId":"us-west3"}
[debug] [2021-02-20T19:55:19.900Z] <<< [apiv2][status] GET https://firebase.googleapis.com/v1beta1/projects/static-sites-d1d90/webApps/-/config 200
[debug] [2021-02-20T19:55:19.900Z] <<< [apiv2][body] GET https://firebase.googleapis.com/v1beta1/projects/static-sites-d1d90/webApps/-/config {"projectId":"static-sites-d1d90","appId":"1:553369492928:web:fbb55cf9928004c6617c25","storageBucket":"static-sites-d1d90.appspot.com","locationId":"us-west3","apiKey":"AIzaSyAZ6AvwaymfBh6x6e8rvKvitUL4rF0SN5g","authDomain":"static-sites-d1d90.firebaseapp.com","messagingSenderId":"553369492928","measurementId":"G-HXGY3T034S"}
[info] i  functions: Watching "/Users/squidslippers/Code/quality-carpentry/functions" for Cloud Functions... {"metadata":{"emulator":{"name":"functions"},"message":"Watching \"/Users/squidslippers/Code/quality-carpentry/functions\" for Cloud Functions..."}}
[debug] [2021-02-20T19:55:19.958Z] [worker-pool] addWorker(~diagnostic~) {"metadata":{"emulator":{"name":"functions"},"message":"[worker-pool] addWorker(~diagnostic~)"}}
[debug] [2021-02-20T19:55:19.958Z] [worker-pool] Adding worker with key ~diagnostic~, total=1 {"metadata":{"emulator":{"name":"functions"},"message":"[worker-pool] Adding worker with key ~diagnostic~, total=1"}}
[debug] [2021-02-20T19:55:19.958Z] [worker-pool] submitWork(triggerId=) {"metadata":{"emulator":{"name":"functions"},"message":"[worker-pool] submitWork(triggerId=)"}}
[debug] [2021-02-20T19:55:19.959Z] [worker-~diagnostic~-b9b5f592-e4a1-4d91-b1a5-7e2b22ad3086]: Assigning socketPath: /var/folders/8l/dgzq3qvs6mb1hcpqg70thnsh0000gn/T/fire_emu_56573.sock {"metadata":{"emulator":{"name":"functions"},"message":"[worker-~diagnostic~-b9b5f592-e4a1-4d91-b1a5-7e2b22ad3086]: Assigning socketPath: /var/folders/8l/dgzq3qvs6mb1hcpqg70thnsh0000gn/T/fire_emu_56573.sock"}}
[debug] [2021-02-20T19:55:19.959Z] [worker-~diagnostic~-b9b5f592-e4a1-4d91-b1a5-7e2b22ad3086]: BUSY {"metadata":{"emulator":{"name":"functions"},"message":"[worker-~diagnostic~-b9b5f592-e4a1-4d91-b1a5-7e2b22ad3086]: BUSY"}}
[info] i  hosting: Serving hosting files from: build {"metadata":{"emulator":{"name":"hosting"},"message":"Serving hosting files from: \u001b[1mbuild\u001b[22m"}}
[info] ✔  hosting: Local server: http://localhost:5000 {"metadata":{"emulator":{"name":"hosting"},"message":"Local server: \u001b[4m\u001b[1mhttp://localhost:5000\u001b[22m\u001b[24m"}}
[debug] [2021-02-20T19:55:20.088Z] [runtime-status] [56573] Functions runtime initialized. {"cwd":"/Users/squidslippers/Code/quality-carpentry/functions","node_version":"14.15.4"} {"metadata":{"emulator":{"name":"functions"},"message":"[runtime-status] [56573] Functions runtime initialized. {\"cwd\":\"/Users/squidslippers/Code/quality-carpentry/functions\",\"node_version\":\"14.15.4\"}"}}
[debug] [2021-02-20T19:55:20.089Z] [runtime-status] [56573] Disabled runtime features: undefined {"metadata":{"emulator":{"name":"functions"},"message":"[runtime-status] [56573] Disabled runtime features: undefined"}}
[debug] [2021-02-20T19:55:20.092Z] [runtime-status] [56573] Resolved module firebase-admin {"declared":true,"installed":true,"version":"9.5.0","resolution":"/Users/squidslippers/Code/quality-carpentry/functions/node_modules/firebase-admin/lib/index.js"} {"metadata":{"emulator":{"name":"functions"},"message":"[runtime-status] [56573] Resolved module firebase-admin {\"declared\":true,\"installed\":true,\"version\":\"9.5.0\",\"resolution\":\"/Users/squidslippers/Code/quality-carpentry/functions/node_modules/firebase-admin/lib/index.js\"}"}}
[debug] [2021-02-20T19:55:20.093Z] [runtime-status] [56573] Resolved module firebase-functions {"declared":true,"installed":true,"version":"3.13.1","resolution":"/Users/squidslippers/Code/quality-carpentry/functions/node_modules/firebase-functions/lib/index.js"} {"metadata":{"emulator":{"name":"functions"},"message":"[runtime-status] [56573] Resolved module firebase-functions {\"declared\":true,\"installed\":true,\"version\":\"3.13.1\",\"resolution\":\"/Users/squidslippers/Code/quality-carpentry/functions/node_modules/firebase-functions/lib/index.js\"}"}}
[debug] [2021-02-20T19:55:20.095Z] [runtime-status] [56573] Resolved module firebase-functions {"declared":true,"installed":true,"version":"3.13.1","resolution":"/Users/squidslippers/Code/quality-carpentry/functions/node_modules/firebase-functions/lib/index.js"} {"metadata":{"emulator":{"name":"functions"},"message":"[runtime-status] [56573] Resolved module firebase-functions {\"declared\":true,\"installed\":true,\"version\":\"3.13.1\",\"resolution\":\"/Users/squidslippers/Code/quality-carpentry/functions/node_modules/firebase-functions/lib/index.js\"}"}}
[debug] [2021-02-20T19:55:20.097Z] [runtime-status] [56573] Outgoing network have been stubbed. [{"name":"http","status":"mocked"},{"name":"http","status":"mocked"},{"name":"https","status":"mocked"},{"name":"https","status":"mocked"},{"name":"net","status":"mocked"}] {"metadata":{"emulator":{"name":"functions"},"message":"[runtime-status] [56573] Outgoing network have been stubbed. [{\"name\":\"http\",\"status\":\"mocked\"},{\"name\":\"http\",\"status\":\"mocked\"},{\"name\":\"https\",\"status\":\"mocked\"},{\"name\":\"https\",\"status\":\"mocked\"},{\"name\":\"net\",\"status\":\"mocked\"}]"}}
[debug] [2021-02-20T19:55:20.097Z] [runtime-status] [56573] Resolved module firebase-functions {"declared":true,"installed":true,"version":"3.13.1","resolution":"/Users/squidslippers/Code/quality-carpentry/functions/node_modules/firebase-functions/lib/index.js"} {"metadata":{"emulator":{"name":"functions"},"message":"[runtime-status] [56573] Resolved module firebase-functions {\"declared\":true,\"installed\":true,\"version\":\"3.13.1\",\"resolution\":\"/Users/squidslippers/Code/quality-carpentry/functions/node_modules/firebase-functions/lib/index.js\"}"}}
[debug] [2021-02-20T19:55:20.164Z] [runtime-status] [56573] Checked functions.config() {"config":{}} {"metadata":{"emulator":{"name":"functions"},"message":"[runtime-status] [56573] Checked functions.config() {\"config\":{}}"}}
[debug] [2021-02-20T19:55:20.164Z] [runtime-status] [56573] firebase-functions has been stubbed. {"functionsResolution":{"declared":true,"installed":true,"version":"3.13.1","resolution":"/Users/squidslippers/Code/quality-carpentry/functions/node_modules/firebase-functions/lib/index.js"}} {"metadata":{"emulator":{"name":"functions"},"message":"[runtime-status] [56573] firebase-functions has been stubbed. {\"functionsResolution\":{\"declared\":true,\"installed\":true,\"version\":\"3.13.1\",\"resolution\":\"/Users/squidslippers/Code/quality-carpentry/functions/node_modules/firebase-functions/lib/index.js\"}}"}}
[debug] [2021-02-20T19:55:20.164Z] [runtime-status] [56573] Resolved module firebase-functions {"declared":true,"installed":true,"version":"3.13.1","resolution":"/Users/squidslippers/Code/quality-carpentry/functions/node_modules/firebase-functions/lib/index.js"} {"metadata":{"emulator":{"name":"functions"},"message":"[runtime-status] [56573] Resolved module firebase-functions {\"declared\":true,\"installed\":true,\"version\":\"3.13.1\",\"resolution\":\"/Users/squidslippers/Code/quality-carpentry/functions/node_modules/firebase-functions/lib/index.js\"}"}}
[debug] [2021-02-20T19:55:20.165Z] [runtime-status] [56573] Resolved module firebase-admin {"declared":true,"installed":true,"version":"9.5.0","resolution":"/Users/squidslippers/Code/quality-carpentry/functions/node_modules/firebase-admin/lib/index.js"} {"metadata":{"emulator":{"name":"functions"},"message":"[runtime-status] [56573] Resolved module firebase-admin {\"declared\":true,\"installed\":true,\"version\":\"9.5.0\",\"resolution\":\"/Users/squidslippers/Code/quality-carpentry/functions/node_modules/firebase-admin/lib/index.js\"}"}}
[debug] [2021-02-20T19:55:20.165Z] [runtime-status] [56573] Resolved module firebase-functions {"declared":true,"installed":true,"version":"3.13.1","resolution":"/Users/squidslippers/Code/quality-carpentry/functions/node_modules/firebase-functions/lib/index.js"} {"metadata":{"emulator":{"name":"functions"},"message":"[runtime-status] [56573] Resolved module firebase-functions {\"declared\":true,\"installed\":true,\"version\":\"3.13.1\",\"resolution\":\"/Users/squidslippers/Code/quality-carpentry/functions/node_modules/firebase-functions/lib/index.js\"}"}}
[debug] [2021-02-20T19:55:20.166Z] [runtime-status] [56573] firebase-admin has been stubbed. {"adminResolution":{"declared":true,"installed":true,"version":"9.5.0","resolution":"/Users/squidslippers/Code/quality-carpentry/functions/node_modules/firebase-admin/lib/index.js"}} {"metadata":{"emulator":{"name":"functions"},"message":"[runtime-status] [56573] firebase-admin has been stubbed. {\"adminResolution\":{\"declared\":true,\"installed\":true,\"version\":\"9.5.0\",\"resolution\":\"/Users/squidslippers/Code/quality-carpentry/functions/node_modules/firebase-admin/lib/index.js\"}}"}}
[debug] [2021-02-20T19:55:20.167Z] [runtime-status] [56573] initializeApp(DEFAULT) {"storageBucket":"static-sites-d1d90.appspot.com","projectId":"static-sites-d1d90"} {"metadata":{"emulator":{"name":"functions"},"message":"[runtime-status] [56573] initializeApp(DEFAULT) {\"storageBucket\":\"static-sites-d1d90.appspot.com\",\"projectId\":\"static-sites-d1d90\"}"}}
[warn] ⚠  functions: The Cloud Firestore emulator is not running, so calls to Firestore will affect production. {"metadata":{"emulator":{"name":"functions"},"message":"The Cloud Firestore emulator is not running, so calls to Firestore will affect production."}}
[warn] ⚠  ReferenceError: nodemailer is not defined
    at Object.<anonymous> (/Users/squidslippers/Code/quality-carpentry/functions/index.js:72:19)
    at Module._compile (internal/modules/cjs/loader.js:1063:30)
    at Object.Module._extensions..js (internal/modules/cjs/loader.js:1092:10)
    at Module.load (internal/modules/cjs/loader.js:928:32)
    at Function.Module._load (internal/modules/cjs/loader.js:769:14)
    at Module.require (internal/modules/cjs/loader.js:952:19)
    at require (internal/modules/cjs/helpers.js:88:18)
    at initializeRuntime (/usr/local/lib/node_modules/firebase-tools/lib/emulator/functionsEmulatorRuntime.js:678:29)
    at processTicksAndRejections (internal/process/task_queues.js:93:5)
    at async handleMessage (/usr/local/lib/node_modules/firebase-tools/lib/emulator/functionsEmulatorRuntime.js:716:20) {"metadata":{"emulator":{"name":"functions"},"message":"ReferenceError: nodemailer is not defined\n    at Object.<anonymous> (/Users/squidslippers/Code/quality-carpentry/functions/index.js:72:19)\n    at Module._compile (internal/modules/cjs/loader.js:1063:30)\n    at Object.Module._extensions..js (internal/modules/cjs/loader.js:1092:10)\n    at Module.load (internal/modules/cjs/loader.js:928:32)\n    at Function.Module._load (internal/modules/cjs/loader.js:769:14)\n    at Module.require (internal/modules/cjs/loader.js:952:19)\n    at require (internal/modules/cjs/helpers.js:88:18)\n    at initializeRuntime (/usr/local/lib/node_modules/firebase-tools/lib/emulator/functionsEmulatorRuntime.js:678:29)\n    at processTicksAndRejections (internal/process/task_queues.js:93:5)\n    at async handleMessage (/usr/local/lib/node_modules/firebase-tools/lib/emulator/functionsEmulatorRuntime.js:716:20)"}}
[warn] ⚠  We were unable to load your functions code. (see above) {"metadata":{"emulator":{"name":"functions"}}}
[debug] [2021-02-20T19:55:20.503Z] [worker-~diagnostic~-b9b5f592-e4a1-4d91-b1a5-7e2b22ad3086]: exited {"metadata":{"emulator":{"name":"functions"},"message":"[worker-~diagnostic~-b9b5f592-e4a1-4d91-b1a5-7e2b22ad3086]: exited"}}
[debug] [2021-02-20T19:55:20.503Z] [worker-~diagnostic~-b9b5f592-e4a1-4d91-b1a5-7e2b22ad3086]: FINISHED {"metadata":{"emulator":{"name":"functions"},"message":"[worker-~diagnostic~-b9b5f592-e4a1-4d91-b1a5-7e2b22ad3086]: FINISHED"}}
[debug] [2021-02-20T19:55:36.795Z] File /Users/squidslippers/Code/quality-carpentry/functions/index.js changed, reloading triggers {"metadata":{"emulator":{"name":"functions"},"message":"File /Users/squidslippers/Code/quality-carpentry/functions/index.js changed, reloading triggers"}}
[debug] [2021-02-20T19:55:37.802Z] [worker-pool] Cleaned up workers for ~diagnostic~: 1 --> 0 {"metadata":{"emulator":{"name":"functions"},"message":"[worker-pool] Cleaned up workers for ~diagnostic~: 1 --> 0"}}
[debug] [2021-02-20T19:55:37.806Z] [worker-pool] addWorker(~diagnostic~) {"metadata":{"emulator":{"name":"functions"},"message":"[worker-pool] addWorker(~diagnostic~)"}}
[debug] [2021-02-20T19:55:37.807Z] [worker-pool] Adding worker with key ~diagnostic~, total=1 {"metadata":{"emulator":{"name":"functions"},"message":"[worker-pool] Adding worker with key ~diagnostic~, total=1"}}
[debug] [2021-02-20T19:55:37.807Z] [worker-pool] submitWork(triggerId=) {"metadata":{"emulator":{"name":"functions"},"message":"[worker-pool] submitWork(triggerId=)"}}
[debug] [2021-02-20T19:55:37.807Z] [worker-~diagnostic~-ff0ab355-5b5f-4740-a0d6-44a39ed8b120]: Assigning socketPath: /var/folders/8l/dgzq3qvs6mb1hcpqg70thnsh0000gn/T/fire_emu_56575.sock {"metadata":{"emulator":{"name":"functions"},"message":"[worker-~diagnostic~-ff0ab355-5b5f-4740-a0d6-44a39ed8b120]: Assigning socketPath: /var/folders/8l/dgzq3qvs6mb1hcpqg70thnsh0000gn/T/fire_emu_56575.sock"}}
[debug] [2021-02-20T19:55:37.807Z] [worker-~diagnostic~-ff0ab355-5b5f-4740-a0d6-44a39ed8b120]: BUSY {"metadata":{"emulator":{"name":"functions"},"message":"[worker-~diagnostic~-ff0ab355-5b5f-4740-a0d6-44a39ed8b120]: BUSY"}}
[debug] [2021-02-20T19:55:37.994Z] [runtime-status] [56575] Functions runtime initialized. {"cwd":"/Users/squidslippers/Code/quality-carpentry/functions","node_version":"14.15.4"} {"metadata":{"emulator":{"name":"functions"},"message":"[runtime-status] [56575] Functions runtime initialized. {\"cwd\":\"/Users/squidslippers/Code/quality-carpentry/functions\",\"node_version\":\"14.15.4\"}"}}
[debug] [2021-02-20T19:55:37.995Z] [runtime-status] [56575] Disabled runtime features: undefined {"metadata":{"emulator":{"name":"functions"},"message":"[runtime-status] [56575] Disabled runtime features: undefined"}}
[debug] [2021-02-20T19:55:37.997Z] [runtime-status] [56575] Resolved module firebase-admin {"declared":true,"installed":true,"version":"9.5.0","resolution":"/Users/squidslippers/Code/quality-carpentry/functions/node_modules/firebase-admin/lib/index.js"} {"metadata":{"emulator":{"name":"functions"},"message":"[runtime-status] [56575] Resolved module firebase-admin {\"declared\":true,\"installed\":true,\"version\":\"9.5.0\",\"resolution\":\"/Users/squidslippers/Code/quality-carpentry/functions/node_modules/firebase-admin/lib/index.js\"}"}}
[debug] [2021-02-20T19:55:37.998Z] [runtime-status] [56575] Resolved module firebase-functions {"declared":true,"installed":true,"version":"3.13.1","resolution":"/Users/squidslippers/Code/quality-carpentry/functions/node_modules/firebase-functions/lib/index.js"} {"metadata":{"emulator":{"name":"functions"},"message":"[runtime-status] [56575] Resolved module firebase-functions {\"declared\":true,\"installed\":true,\"version\":\"3.13.1\",\"resolution\":\"/Users/squidslippers/Code/quality-carpentry/functions/node_modules/firebase-functions/lib/index.js\"}"}}
[debug] [2021-02-20T19:55:38.001Z] [runtime-status] [56575] Resolved module firebase-functions {"declared":true,"installed":true,"version":"3.13.1","resolution":"/Users/squidslippers/Code/quality-carpentry/functions/node_modules/firebase-functions/lib/index.js"} {"metadata":{"emulator":{"name":"functions"},"message":"[runtime-status] [56575] Resolved module firebase-functions {\"declared\":true,\"installed\":true,\"version\":\"3.13.1\",\"resolution\":\"/Users/squidslippers/Code/quality-carpentry/functions/node_modules/firebase-functions/lib/index.js\"}"}}
[debug] [2021-02-20T19:55:38.002Z] [runtime-status] [56575] Outgoing network have been stubbed. [{"name":"http","status":"mocked"},{"name":"http","status":"mocked"},{"name":"https","status":"mocked"},{"name":"https","status":"mocked"},{"name":"net","status":"mocked"}] {"metadata":{"emulator":{"name":"functions"},"message":"[runtime-status] [56575] Outgoing network have been stubbed. [{\"name\":\"http\",\"status\":\"mocked\"},{\"name\":\"http\",\"status\":\"mocked\"},{\"name\":\"https\",\"status\":\"mocked\"},{\"name\":\"https\",\"status\":\"mocked\"},{\"name\":\"net\",\"status\":\"mocked\"}]"}}
[debug] [2021-02-20T19:55:38.003Z] [runtime-status] [56575] Resolved module firebase-functions {"declared":true,"installed":true,"version":"3.13.1","resolution":"/Users/squidslippers/Code/quality-carpentry/functions/node_modules/firebase-functions/lib/index.js"} {"metadata":{"emulator":{"name":"functions"},"message":"[runtime-status] [56575] Resolved module firebase-functions {\"declared\":true,\"installed\":true,\"version\":\"3.13.1\",\"resolution\":\"/Users/squidslippers/Code/quality-carpentry/functions/node_modules/firebase-functions/lib/index.js\"}"}}
[debug] [2021-02-20T19:55:38.048Z] [runtime-status] [56575] Checked functions.config() {"config":{}} {"metadata":{"emulator":{"name":"functions"},"message":"[runtime-status] [56575] Checked functions.config() {\"config\":{}}"}}
[debug] [2021-02-20T19:55:38.048Z] [runtime-status] [56575] firebase-functions has been stubbed. {"functionsResolution":{"declared":true,"installed":true,"version":"3.13.1","resolution":"/Users/squidslippers/Code/quality-carpentry/functions/node_modules/firebase-functions/lib/index.js"}} {"metadata":{"emulator":{"name":"functions"},"message":"[runtime-status] [56575] firebase-functions has been stubbed. {\"functionsResolution\":{\"declared\":true,\"installed\":true,\"version\":\"3.13.1\",\"resolution\":\"/Users/squidslippers/Code/quality-carpentry/functions/node_modules/firebase-functions/lib/index.js\"}}"}}
[debug] [2021-02-20T19:55:38.048Z] [runtime-status] [56575] Resolved module firebase-functions {"declared":true,"installed":true,"version":"3.13.1","resolution":"/Users/squidslippers/Code/quality-carpentry/functions/node_modules/firebase-functions/lib/index.js"} {"metadata":{"emulator":{"name":"functions"},"message":"[runtime-status] [56575] Resolved module firebase-functions {\"declared\":true,\"installed\":true,\"version\":\"3.13.1\",\"resolution\":\"/Users/squidslippers/Code/quality-carpentry/functions/node_modules/firebase-functions/lib/index.js\"}"}}
[debug] [2021-02-20T19:55:38.049Z] [runtime-status] [56575] Resolved module firebase-admin {"declared":true,"installed":true,"version":"9.5.0","resolution":"/Users/squidslippers/Code/quality-carpentry/functions/node_modules/firebase-admin/lib/index.js"} {"metadata":{"emulator":{"name":"functions"},"message":"[runtime-status] [56575] Resolved module firebase-admin {\"declared\":true,\"installed\":true,\"version\":\"9.5.0\",\"resolution\":\"/Users/squidslippers/Code/quality-carpentry/functions/node_modules/firebase-admin/lib/index.js\"}"}}
[debug] [2021-02-20T19:55:38.049Z] [runtime-status] [56575] Resolved module firebase-functions {"declared":true,"installed":true,"version":"3.13.1","resolution":"/Users/squidslippers/Code/quality-carpentry/functions/node_modules/firebase-functions/lib/index.js"} {"metadata":{"emulator":{"name":"functions"},"message":"[runtime-status] [56575] Resolved module firebase-functions {\"declared\":true,\"installed\":true,\"version\":\"3.13.1\",\"resolution\":\"/Users/squidslippers/Code/quality-carpentry/functions/node_modules/firebase-functions/lib/index.js\"}"}}
[debug] [2021-02-20T19:55:38.050Z] [runtime-status] [56575] firebase-admin has been stubbed. {"adminResolution":{"declared":true,"installed":true,"version":"9.5.0","resolution":"/Users/squidslippers/Code/quality-carpentry/functions/node_modules/firebase-admin/lib/index.js"}} {"metadata":{"emulator":{"name":"functions"},"message":"[runtime-status] [56575] firebase-admin has been stubbed. {\"adminResolution\":{\"declared\":true,\"installed\":true,\"version\":\"9.5.0\",\"resolution\":\"/Users/squidslippers/Code/quality-carpentry/functions/node_modules/firebase-admin/lib/index.js\"}}"}}
[debug] [2021-02-20T19:55:38.084Z] [runtime-status] [56575] initializeApp(DEFAULT) {"storageBucket":"static-sites-d1d90.appspot.com","projectId":"static-sites-d1d90"} {"metadata":{"emulator":{"name":"functions"},"message":"[runtime-status] [56575] initializeApp(DEFAULT) {\"storageBucket\":\"static-sites-d1d90.appspot.com\",\"projectId\":\"static-sites-d1d90\"}"}}
[info] ✔  functions[helloWorld]: http function initialized (http://localhost:5001/static-sites-d1d90/us-central1/helloWorld). {"metadata":{"emulator":{"name":"functions"},"message":"\u001b[1mhttp\u001b[22m function initialized (http://localhost:5001/static-sites-d1d90/us-central1/helloWorld)."}}
[info] ✔  functions[getEmails]: http function initialized (http://localhost:5001/static-sites-d1d90/us-central1/getEmails). {"metadata":{"emulator":{"name":"functions"},"message":"\u001b[1mhttp\u001b[22m function initialized (http://localhost:5001/static-sites-d1d90/us-central1/getEmails)."}}
[info] ✔  functions[createEmail]: http function initialized (http://localhost:5001/static-sites-d1d90/us-central1/createEmail). {"metadata":{"emulator":{"name":"functions"},"message":"\u001b[1mhttp\u001b[22m function initialized (http://localhost:5001/static-sites-d1d90/us-central1/createEmail)."}}
[info] i  functions[sendEmail]: function ignored because the firestore emulator does not exist or is not running. {"metadata":{"emulator":{"name":"functions"},"message":"function ignored because the firestore emulator does not exist or is not running."}}
[debug] [2021-02-20T19:55:38.323Z] [worker-~diagnostic~-ff0ab355-5b5f-4740-a0d6-44a39ed8b120]: IDLE {"metadata":{"emulator":{"name":"functions"},"message":"[worker-~diagnostic~-ff0ab355-5b5f-4740-a0d6-44a39ed8b120]: IDLE"}}
[info] i  hosting: 127.0.0.1 - - [20/Feb/2021:19:56:13 +0000] "GET / HTTP/1.1" 200 3216 "-" "Mozilla/5.0 (Macintosh; Intel Mac OS X 10_15_7) AppleWebKit/537.36 (KHTML, like Gecko) Chrome/88.0.4324.150 Safari/537.36" {"metadata":{"emulator":{"name":"hosting"},"message":"127.0.0.1 - - [20/Feb/2021:19:56:13 +0000] \"GET / HTTP/1.1\" 200 3216 \"-\" \"Mozilla/5.0 (Macintosh; Intel Mac OS X 10_15_7) AppleWebKit/537.36 (KHTML, like Gecko) Chrome/88.0.4324.150 Safari/537.36\""}}
[info] i  hosting: 127.0.0.1 - - [20/Feb/2021:19:56:13 +0000] "GET /static/css/main.eaa42713.chunk.css HTTP/1.1" 200 5797 "http://localhost:5000/" "Mozilla/5.0 (Macintosh; Intel Mac OS X 10_15_7) AppleWebKit/537.36 (KHTML, like Gecko) Chrome/88.0.4324.150 Safari/537.36" {"metadata":{"emulator":{"name":"hosting"},"message":"127.0.0.1 - - [20/Feb/2021:19:56:13 +0000] \"GET /static/css/main.eaa42713.chunk.css HTTP/1.1\" 200 5797 \"http://localhost:5000/\" \"Mozilla/5.0 (Macintosh; Intel Mac OS X 10_15_7) AppleWebKit/537.36 (KHTML, like Gecko) Chrome/88.0.4324.150 Safari/537.36\""}}
[debug] [2021-02-20T19:56:13.325Z] >>> [apiv2][query] GET https://www.gstatic.com/firebasejs/8.2.7/firebase-app.js [none]
[debug] [2021-02-20T19:56:13.328Z] >>> [apiv2][query] GET https://www.gstatic.com/firebasejs/8.2.7/firebase-analytics.js [none]
[info] i  hosting: 127.0.0.1 - - [20/Feb/2021:19:56:13 +0000] "GET /__/firebase/init.js HTTP/1.1" 200 - "http://localhost:5000/" "Mozilla/5.0 (Macintosh; Intel Mac OS X 10_15_7) AppleWebKit/537.36 (KHTML, like Gecko) Chrome/88.0.4324.150 Safari/537.36" {"metadata":{"emulator":{"name":"hosting"},"message":"127.0.0.1 - - [20/Feb/2021:19:56:13 +0000] \"GET /__/firebase/init.js HTTP/1.1\" 200 - \"http://localhost:5000/\" \"Mozilla/5.0 (Macintosh; Intel Mac OS X 10_15_7) AppleWebKit/537.36 (KHTML, like Gecko) Chrome/88.0.4324.150 Safari/537.36\""}}
[info] i  hosting: 127.0.0.1 - - [20/Feb/2021:19:56:13 +0000] "GET /static/js/main.bfe2f9df.chunk.js HTTP/1.1" 200 21625 "http://localhost:5000/" "Mozilla/5.0 (Macintosh; Intel Mac OS X 10_15_7) AppleWebKit/537.36 (KHTML, like Gecko) Chrome/88.0.4324.150 Safari/537.36" {"metadata":{"emulator":{"name":"hosting"},"message":"127.0.0.1 - - [20/Feb/2021:19:56:13 +0000] \"GET /static/js/main.bfe2f9df.chunk.js HTTP/1.1\" 200 21625 \"http://localhost:5000/\" \"Mozilla/5.0 (Macintosh; Intel Mac OS X 10_15_7) AppleWebKit/537.36 (KHTML, like Gecko) Chrome/88.0.4324.150 Safari/537.36\""}}
[info] i  hosting: 127.0.0.1 - - [20/Feb/2021:19:56:13 +0000] "GET /static/js/2.4dbc018c.chunk.js HTTP/1.1" 200 168396 "http://localhost:5000/" "Mozilla/5.0 (Macintosh; Intel Mac OS X 10_15_7) AppleWebKit/537.36 (KHTML, like Gecko) Chrome/88.0.4324.150 Safari/537.36" {"metadata":{"emulator":{"name":"hosting"},"message":"127.0.0.1 - - [20/Feb/2021:19:56:13 +0000] \"GET /static/js/2.4dbc018c.chunk.js HTTP/1.1\" 200 168396 \"http://localhost:5000/\" \"Mozilla/5.0 (Macintosh; Intel Mac OS X 10_15_7) AppleWebKit/537.36 (KHTML, like Gecko) Chrome/88.0.4324.150 Safari/537.36\""}}
[debug] [2021-02-20T19:56:13.534Z] <<< [apiv2][status] GET https://www.gstatic.com/firebasejs/8.2.7/firebase-app.js 200
[debug] [2021-02-20T19:56:13.535Z] <<< [apiv2][body] GET https://www.gstatic.com/firebasejs/8.2.7/firebase-app.js [stream]
[info] i  hosting: 127.0.0.1 - - [20/Feb/2021:19:56:13 +0000] "GET /__/firebase/8.2.7/firebase-app.js HTTP/1.1" 200 6565 "http://localhost:5000/" "Mozilla/5.0 (Macintosh; Intel Mac OS X 10_15_7) AppleWebKit/537.36 (KHTML, like Gecko) Chrome/88.0.4324.150 Safari/537.36" {"metadata":{"emulator":{"name":"hosting"},"message":"127.0.0.1 - - [20/Feb/2021:19:56:13 +0000] \"GET /__/firebase/8.2.7/firebase-app.js HTTP/1.1\" 200 6565 \"http://localhost:5000/\" \"Mozilla/5.0 (Macintosh; Intel Mac OS X 10_15_7) AppleWebKit/537.36 (KHTML, like Gecko) Chrome/88.0.4324.150 Safari/537.36\""}}
[debug] [2021-02-20T19:56:13.541Z] <<< [apiv2][status] GET https://www.gstatic.com/firebasejs/8.2.7/firebase-analytics.js 200
[debug] [2021-02-20T19:56:13.541Z] <<< [apiv2][body] GET https://www.gstatic.com/firebasejs/8.2.7/firebase-analytics.js [stream]
[info] i  hosting: 127.0.0.1 - - [20/Feb/2021:19:56:13 +0000] "GET /__/firebase/8.2.7/firebase-analytics.js HTTP/1.1" 200 10752 "http://localhost:5000/" "Mozilla/5.0 (Macintosh; Intel Mac OS X 10_15_7) AppleWebKit/537.36 (KHTML, like Gecko) Chrome/88.0.4324.150 Safari/537.36" {"metadata":{"emulator":{"name":"hosting"},"message":"127.0.0.1 - - [20/Feb/2021:19:56:13 +0000] \"GET /__/firebase/8.2.7/firebase-analytics.js HTTP/1.1\" 200 10752 \"http://localhost:5000/\" \"Mozilla/5.0 (Macintosh; Intel Mac OS X 10_15_7) AppleWebKit/537.36 (KHTML, like Gecko) Chrome/88.0.4324.150 Safari/537.36\""}}
[info] i  hosting: 127.0.0.1 - - [20/Feb/2021:19:56:13 +0000] "GET /static/media/Logo%20Smallest.b771992e.png HTTP/1.1" 200 25170 "http://localhost:5000/" "Mozilla/5.0 (Macintosh; Intel Mac OS X 10_15_7) AppleWebKit/537.36 (KHTML, like Gecko) Chrome/88.0.4324.150 Safari/537.36" {"metadata":{"emulator":{"name":"hosting"},"message":"127.0.0.1 - - [20/Feb/2021:19:56:13 +0000] \"GET /static/media/Logo%20Smallest.b771992e.png HTTP/1.1\" 200 25170 \"http://localhost:5000/\" \"Mozilla/5.0 (Macintosh; Intel Mac OS X 10_15_7) AppleWebKit/537.36 (KHTML, like Gecko) Chrome/88.0.4324.150 Safari/537.36\""}}
[info] i  hosting: 127.0.0.1 - - [20/Feb/2021:19:56:13 +0000] "GET /static/media/Mascot.dd0b56ac.png HTTP/1.1" 200 58891 "http://localhost:5000/" "Mozilla/5.0 (Macintosh; Intel Mac OS X 10_15_7) AppleWebKit/537.36 (KHTML, like Gecko) Chrome/88.0.4324.150 Safari/537.36" {"metadata":{"emulator":{"name":"hosting"},"message":"127.0.0.1 - - [20/Feb/2021:19:56:13 +0000] \"GET /static/media/Mascot.dd0b56ac.png HTTP/1.1\" 200 58891 \"http://localhost:5000/\" \"Mozilla/5.0 (Macintosh; Intel Mac OS X 10_15_7) AppleWebKit/537.36 (KHTML, like Gecko) Chrome/88.0.4324.150 Safari/537.36\""}}
[info] i  hosting: 127.0.0.1 - - [20/Feb/2021:19:56:13 +0000] "GET /manifest.json HTTP/1.1" 200 492 "http://localhost:5000/" "Mozilla/5.0 (Macintosh; Intel Mac OS X 10_15_7) AppleWebKit/537.36 (KHTML, like Gecko) Chrome/88.0.4324.150 Safari/537.36" {"metadata":{"emulator":{"name":"hosting"},"message":"127.0.0.1 - - [20/Feb/2021:19:56:13 +0000] \"GET /manifest.json HTTP/1.1\" 200 492 \"http://localhost:5000/\" \"Mozilla/5.0 (Macintosh; Intel Mac OS X 10_15_7) AppleWebKit/537.36 (KHTML, like Gecko) Chrome/88.0.4324.150 Safari/537.36\""}}
[info] i  hosting: 127.0.0.1 - - [20/Feb/2021:19:56:13 +0000] "GET /logo192.png HTTP/1.1" 200 5347 "http://localhost:5000/" "Mozilla/5.0 (Macintosh; Intel Mac OS X 10_15_7) AppleWebKit/537.36 (KHTML, like Gecko) Chrome/88.0.4324.150 Safari/537.36" {"metadata":{"emulator":{"name":"hosting"},"message":"127.0.0.1 - - [20/Feb/2021:19:56:13 +0000] \"GET /logo192.png HTTP/1.1\" 200 5347 \"http://localhost:5000/\" \"Mozilla/5.0 (Macintosh; Intel Mac OS X 10_15_7) AppleWebKit/537.36 (KHTML, like Gecko) Chrome/88.0.4324.150 Safari/537.36\""}}
